0 info it worked if it ends with ok
1 verbose cli [ '/usr/bin/node',
1 verbose cli   '/usr/bin/npm',
1 verbose cli   'install',
1 verbose cli   'method-parser',
1 verbose cli   '-S' ]
2 info using npm@1.4.28
3 info using node@v0.10.32
4 verbose node symlink /usr/bin/node
5 verbose readDependencies using package.json deps
6 verbose cache add [ 'method-parser', null ]
7 verbose cache add name=undefined spec="method-parser" args=["method-parser",null]
8 verbose parsed url { protocol: null,
8 verbose parsed url   slashes: null,
8 verbose parsed url   auth: null,
8 verbose parsed url   host: null,
8 verbose parsed url   port: null,
8 verbose parsed url   hostname: null,
8 verbose parsed url   hash: null,
8 verbose parsed url   search: null,
8 verbose parsed url   query: null,
8 verbose parsed url   pathname: 'method-parser',
8 verbose parsed url   path: 'method-parser',
8 verbose parsed url   href: 'method-parser' }
9 silly lockFile e1babdc5-method-parser method-parser
10 verbose lock method-parser /home/zukas/.npm/e1babdc5-method-parser.lock
11 silly lockFile e1babdc5-method-parser method-parser
12 silly lockFile e1babdc5-method-parser method-parser
13 verbose addNamed [ 'method-parser', '' ]
14 verbose addNamed [ null, '*' ]
15 silly lockFile 96da3810-method-parser method-parser@
16 verbose lock method-parser@ /home/zukas/.npm/96da3810-method-parser.lock
17 silly addNameRange { name: 'method-parser', range: '*', hasData: false }
18 verbose request where is /method-parser
19 verbose request registry https://registry.npmjs.org/
20 verbose request id e9c39c84585088f2
21 verbose url raw /method-parser
22 verbose url resolving [ 'https://registry.npmjs.org/', './method-parser' ]
23 verbose url resolved https://registry.npmjs.org/method-parser
24 verbose request where is https://registry.npmjs.org/method-parser
25 info trying registry request attempt 1 at 20:30:02
26 http GET https://registry.npmjs.org/method-parser
27 http 404 https://registry.npmjs.org/method-parser
28 verbose headers { date: 'Thu, 25 Sep 2014 18:30:03 GMT',
28 verbose headers   server: 'CouchDB/1.5.0 (Erlang OTP/R16B03)',
28 verbose headers   'content-type': 'application/json',
28 verbose headers   'cache-control': 'max-age=0',
28 verbose headers   'content-length': '52',
28 verbose headers   'accept-ranges': 'bytes',
28 verbose headers   via: '1.1 varnish',
28 verbose headers   age: '0',
28 verbose headers   'x-served-by': 'cache-fra1232-FRA',
28 verbose headers   'x-cache': 'MISS',
28 verbose headers   'x-cache-hits': '0',
28 verbose headers   'x-timer': 'S1411669803.288693,VS0,VE178',
28 verbose headers   'keep-alive': 'timeout=10, max=50',
28 verbose headers   connection: 'Keep-Alive' }
29 silly registry.get cb [ 404,
29 silly registry.get   { date: 'Thu, 25 Sep 2014 18:30:03 GMT',
29 silly registry.get     server: 'CouchDB/1.5.0 (Erlang OTP/R16B03)',
29 silly registry.get     'content-type': 'application/json',
29 silly registry.get     'cache-control': 'max-age=0',
29 silly registry.get     'content-length': '52',
29 silly registry.get     'accept-ranges': 'bytes',
29 silly registry.get     via: '1.1 varnish',
29 silly registry.get     age: '0',
29 silly registry.get     'x-served-by': 'cache-fra1232-FRA',
29 silly registry.get     'x-cache': 'MISS',
29 silly registry.get     'x-cache-hits': '0',
29 silly registry.get     'x-timer': 'S1411669803.288693,VS0,VE178',
29 silly registry.get     'keep-alive': 'timeout=10, max=50',
29 silly registry.get     connection: 'Keep-Alive' } ]
30 silly lockFile 96da3810-method-parser method-parser@
31 silly lockFile 96da3810-method-parser method-parser@
32 error 404 404 Not Found: method-parser
32 error 404
32 error 404 'method-parser' is not in the npm registry.
32 error 404 You should bug the author to publish it
32 error 404 It was specified as a dependency of 'fundacjatakijestem'
32 error 404
32 error 404 Note that you can also install from a
32 error 404 tarball, folder, or http url, or git url.
33 error System Linux 3.13.0-35-generic
34 error command "/usr/bin/node" "/usr/bin/npm" "install" "method-parser" "-S"
35 error cwd /home/zukas/Repos/fundacjatakijestem
36 error node -v v0.10.32
37 error npm -v 1.4.28
38 error code E404
39 verbose exit [ 1, true ]
